#
# There is insufficient memory for the Java Runtime Environment to continue.
# Native memory allocation (mmap) failed to map 132120576 bytes for G1 virtual space
# Possible reasons:
#   The system is out of physical RAM or swap space
#   The process is running with CompressedOops enabled, and the Java Heap may be blocking the growth of the native heap
# Possible solutions:
#   Reduce memory load on the system
#   Increase physical memory or swap space
#   Check if swap backing store is full
#   Decrease Java heap size (-Xmx/-Xms)
#   Decrease number of Java threads
#   Decrease Java thread stack sizes (-Xss)
#   Set larger code cache with -XX:ReservedCodeCacheSize=
#   JVM is running with Unscaled Compressed Oops mode in which the Java heap is
#     placed in the first 4GB address space. The Java Heap base address is the
#     maximum limit for the native heap growth. Please use -XX:HeapBaseMinAddress
#     to set the Java Heap base and to place the Java Heap above 4GB virtual address.
# This output file may be truncated or incomplete.
#
#  Out of Memory Error (os_windows.cpp:3532), pid=17164, tid=14004
#
# JRE version:  (17.0.2+8) (build )
# Java VM: OpenJDK 64-Bit Server VM (17.0.2+8-86, mixed mode, emulated-client, sharing, tiered, compressed oops, compressed class ptrs, g1 gc, windows-amd64)
# No core dump will be written. Minidumps are not enabled by default on client versions of Windows
#

---------------  S U M M A R Y ------------

Command Line: -XX:TieredStopAtLevel=1 -Xverify:none -Dspring.output.ansi.enabled=always -Dcom.sun.management.jmxremote -Dspring.jmx.enabled=true -Dspring.liveBeansView.mbeanDomain -Dspring.application.admin.enabled=true -javaagent:D:\JetBrains\IntelliJ IDEA 2021.3.3\lib\idea_rt.jar=63530:D:\JetBrains\IntelliJ IDEA 2021.3.3\bin -Dfile.encoding=UTF-8 tacos.Demo2Application

Host: Intel(R) Core(TM) i7-10510U CPU @ 1.80GHz, 8 cores, 7G,  Windows 11 , 64 bit Build 22000 (10.0.22000.613)
Time: Tue May 10 19:24:43 2022 SE Asia Standard Time elapsed time: 0.016209 seconds (0d 0h 0m 0s)

---------------  T H R E A D  ---------------

Current thread (0x0000021fe40fba00):  JavaThread "Unknown thread" [_thread_in_vm, id=14004, stack(0x000000ad0f800000,0x000000ad0f900000)]

Stack: [0x000000ad0f800000,0x000000ad0f900000]
Native frames: (J=compiled Java code, j=interpreted, Vv=VM code, C=native code)
V  [jvm.dll+0x670baa]
V  [jvm.dll+0x7cfcb4]
V  [jvm.dll+0x7d145e]
V  [jvm.dll+0x7d1ac3]
V  [jvm.dll+0x242bc5]
V  [jvm.dll+0x66dac9]
V  [jvm.dll+0x662412]
V  [jvm.dll+0x300c0b]
V  [jvm.dll+0x3081a6]
V  [jvm.dll+0x357d0e]
V  [jvm.dll+0x357f3f]
V  [jvm.dll+0x2d7ec8]
V  [jvm.dll+0x2d8e34]
V  [jvm.dll+0x7a18c1]
V  [jvm.dll+0x365a91]
V  [jvm.dll+0x780d2c]
V  [jvm.dll+0x3e845f]
V  [jvm.dll+0x3e9f01]
C  [jli.dll+0x527b]
C  [ucrtbase.dll+0x26c0c]
C  [KERNEL32.DLL+0x154e0]
C  [ntdll.dll+0x485b]


---------------  P R O C E S S  ---------------

Threads class SMR info:
_java_thread_list=0x00007ffd765c9858, length=0, elements={
}

Java Threads: ( => current thread )

Other Threads:
  0x0000021fe413cd60 GCTaskThread "GC Thread#0" [stack: 0x000000ad0f900000,0x000000ad0fa00000] [id=3000]
  0x0000021fe414d6e0 ConcurrentGCThread "G1 Main Marker" [stack: 0x000000ad0fa00000,0x000000ad0fb00000] [id=12692]
  0x0000021fe414e0f0 ConcurrentGCThread "G1 Conc#0" [stack: 0x000000ad0fb00000,0x000000ad0fc00000] [id=14228]

[error occurred during error reporting (printing all threads), id 0xc0000005, EXCEPTION_ACCESS_VIOLATION (0xc0000005) at pc=0x00007ffd75e188a7]

VM state: not at safepoint (not fully initialized)

VM Mutex/Monitor currently owned by a thread:  ([mutex/lock_event])
[0x0000021fe40f89f0] Heap_lock - owner thread: 0x0000021fe40fba00

Heap address: 0x0000000082e00000, size: 2002 MB, Compressed Oops mode: 32-bit

CDS archive(s) mapped at: [0x0000000000000000-0x0000000000000000-0x0000000000000000), size 0, SharedBaseAddress: 0x0000000800000000, ArchiveRelocationMode: 0.
Narrow klass base: 0x0000000000000000, Narrow klass shift: 0, Narrow klass range: 0x0

GC Precious Log:
<Empty>

Heap:
 garbage-first heap   total 0K, used 0K [0x0000000082e00000, 0x0000000100000000)
  region size 1024K, 0 young (0K), 0 survivors (0K)

[error occurred during error reporting (printing heap information), id 0xc0000005, EXCEPTION_ACCESS_VIOLATION (0xc0000005) at pc=0x00007ffd761f9f19]

GC Heap History (0 events):
No events

Deoptimization events (0 events):
No events

Classes unloaded (0 events):
No events

Classes redefined (0 events):
No events

Internal exceptions (0 events):
No events

VM Operations (0 events):
No events

Events (1 events):
Event: 0.011 Loaded shared library C:\Users\Dell service\.jdks\openjdk-17.0.2\bin\java.dll


Dynamic libraries:
0x00007ff7508d0000 - 0x00007ff7508de000 	C:\Users\Dell service\.jdks\openjdk-17.0.2\bin\java.exe
0x00007ffdea3e0000 - 0x00007ffdea5e9000 	C:\WINDOWS\SYSTEM32\ntdll.dll
0x00007ffde8580000 - 0x00007ffde863d000 	C:\WINDOWS\System32\KERNEL32.DLL
0x00007ffde7d30000 - 0x00007ffde80a4000 	C:\WINDOWS\System32\KERNELBASE.dll
0x00007ffde8160000 - 0x00007ffde8271000 	C:\WINDOWS\System32\ucrtbase.dll
0x00007ffdd8cb0000 - 0x00007ffdd8cca000 	C:\Users\Dell service\.jdks\openjdk-17.0.2\bin\VCRUNTIME140.dll
0x00007ffde3bd0000 - 0x00007ffde3be8000 	C:\Users\Dell service\.jdks\openjdk-17.0.2\bin\jli.dll
0x00007ffde87a0000 - 0x00007ffde894c000 	C:\WINDOWS\System32\USER32.dll
0x00007ffdb0280000 - 0x00007ffdb0525000 	C:\WINDOWS\WinSxS\amd64_microsoft.windows.common-controls_6595b64144ccf1df_6.0.22000.120_none_9d947278b86cc467\COMCTL32.dll
0x00007ffde8130000 - 0x00007ffde8156000 	C:\WINDOWS\System32\win32u.dll
0x00007ffde84d0000 - 0x00007ffde8573000 	C:\WINDOWS\System32\msvcrt.dll
0x00007ffde8770000 - 0x00007ffde8799000 	C:\WINDOWS\System32\GDI32.dll
0x00007ffde7b70000 - 0x00007ffde7c82000 	C:\WINDOWS\System32\gdi32full.dll
0x00007ffde7c90000 - 0x00007ffde7d2d000 	C:\WINDOWS\System32\msvcp_win.dll
0x00007ffde9980000 - 0x00007ffde99b1000 	C:\WINDOWS\System32\IMM32.DLL
0x00007ffde3bc0000 - 0x00007ffde3bcc000 	C:\Users\Dell service\.jdks\openjdk-17.0.2\bin\vcruntime140_1.dll
0x00007ffd8ef40000 - 0x00007ffd8efcd000 	C:\Users\Dell service\.jdks\openjdk-17.0.2\bin\msvcp140.dll
0x00007ffd75b30000 - 0x00007ffd766f1000 	C:\Users\Dell service\.jdks\openjdk-17.0.2\bin\server\jvm.dll
0x00007ffde8640000 - 0x00007ffde86ee000 	C:\WINDOWS\System32\ADVAPI32.dll
0x00007ffde8d50000 - 0x00007ffde8dee000 	C:\WINDOWS\System32\sechost.dll
0x00007ffde8bd0000 - 0x00007ffde8cf0000 	C:\WINDOWS\System32\RPCRT4.dll
0x00007ffde8950000 - 0x00007ffde8958000 	C:\WINDOWS\System32\PSAPI.DLL
0x00007ffde4a00000 - 0x00007ffde4a09000 	C:\WINDOWS\SYSTEM32\WSOCK32.dll
0x00007ffde2550000 - 0x00007ffde2583000 	C:\WINDOWS\SYSTEM32\WINMM.dll
0x00007ffde8b60000 - 0x00007ffde8bcf000 	C:\WINDOWS\System32\WS2_32.dll
0x00007ffde2220000 - 0x00007ffde222a000 	C:\WINDOWS\SYSTEM32\VERSION.dll
0x00007ffde6ac0000 - 0x00007ffde6ad8000 	C:\WINDOWS\SYSTEM32\kernel.appcore.dll
0x00007ffdd7c90000 - 0x00007ffdd7c9a000 	C:\Users\Dell service\.jdks\openjdk-17.0.2\bin\jimage.dll
0x00007ffde4f20000 - 0x00007ffde5141000 	C:\WINDOWS\SYSTEM32\DBGHELP.DLL
0x00007ffdd4cf0000 - 0x00007ffdd4d21000 	C:\WINDOWS\SYSTEM32\dbgcore.DLL
0x00007ffde80b0000 - 0x00007ffde812f000 	C:\WINDOWS\System32\bcryptPrimitives.dll
0x00007ffdd60e0000 - 0x00007ffdd60ee000 	C:\Users\Dell service\.jdks\openjdk-17.0.2\bin\instrument.dll
0x00007ffdb1d70000 - 0x00007ffdb1d95000 	C:\Users\Dell service\.jdks\openjdk-17.0.2\bin\java.dll

dbghelp: loaded successfully - version: 4.0.5 - missing functions: none
symbol engine: initialized successfully - sym options: 0x614 - pdb path: .;C:\Users\Dell service\.jdks\openjdk-17.0.2\bin;C:\WINDOWS\SYSTEM32;C:\WINDOWS\WinSxS\amd64_microsoft.windows.common-controls_6595b64144ccf1df_6.0.22000.120_none_9d947278b86cc467;C:\Users\Dell service\.jdks\openjdk-17.0.2\bin\server

VM Arguments:
jvm_args: -XX:TieredStopAtLevel=1 -Xverify:none -Dspring.output.ansi.enabled=always -Dcom.sun.management.jmxremote -Dspring.jmx.enabled=true -Dspring.liveBeansView.mbeanDomain -Dspring.application.admin.enabled=true -javaagent:D:\JetBrains\IntelliJ IDEA 2021.3.3\lib\idea_rt.jar=63530:D:\JetBrains\IntelliJ IDEA 2021.3.3\bin -Dfile.encoding=UTF-8 
java_command: tacos.Demo2Application
java_class_path (initial): C:\Users\Dell service\Desktop\SpringBooooooooot\Tacos\target\classes;C:\Users\Dell service\.m2\repository\org\springframework\boot\spring-boot-starter-thymeleaf\2.6.6\spring-boot-starter-thymeleaf-2.6.6.jar;C:\Users\Dell service\.m2\repository\org\springframework\boot\spring-boot-starter\2.6.6\spring-boot-starter-2.6.6.jar;C:\Users\Dell service\.m2\repository\org\springframework\boot\spring-boot-starter-logging\2.6.6\spring-boot-starter-logging-2.6.6.jar;C:\Users\Dell service\.m2\repository\ch\qos\logback\logback-classic\1.2.11\logback-classic-1.2.11.jar;C:\Users\Dell service\.m2\repository\ch\qos\logback\logback-core\1.2.11\logback-core-1.2.11.jar;C:\Users\Dell service\.m2\repository\org\apache\logging\log4j\log4j-to-slf4j\2.17.2\log4j-to-slf4j-2.17.2.jar;C:\Users\Dell service\.m2\repository\org\apache\logging\log4j\log4j-api\2.17.2\log4j-api-2.17.2.jar;C:\Users\Dell service\.m2\repository\org\slf4j\jul-to-slf4j\1.7.36\jul-to-slf4j-1.7.36.jar;C:\Users\Dell service\.m2\repository\jakarta\annotation\jakarta.annotation-api\1.3.5\jakarta.annotation-api-1.3.5.jar;C:\Users\Dell service\.m2\repository\org\yaml\snakeyaml\1.29\snakeyaml-1.29.jar;C:\Users\Dell service\.m2\repository\org\thymeleaf\thymeleaf-spring5\3.0.15.RELEASE\thymeleaf-spring5-3.0.15.RELEASE.jar;C:\Users\Dell service\.m2\repository\org\thymeleaf\thymeleaf\3.0.15.RELEASE\thymeleaf-3.0.15.RELEASE.jar;C:\Users\Dell service\.m2\repository\org\attoparser\attoparser\2.0.5.RELEASE\attoparser-2.0.5.RELEASE.jar;C:\Users\Dell service\.m2\repository\org\unbescape\unbescape\1.1.6.RELEASE\unbescape-1.1.6.RELEASE.jar;C:\Users\Dell service\.m2\repository\org\slf4j\slf4j-api\1.7.36\slf4j-api-1.7.36.jar;C:\Users\Dell service\.m2\repository\org\thymeleaf\extras\thymeleaf-extras-java8time\3.0.4.RELEASE\thymeleaf-extras-java8time-3.0.4.RELEASE.jar;C:\Users\Dell service\.m2\repository\org\springframework\boot\spring-boot-starter-web\2.6.6\spring-boot-starter-web-2.6.6.jar;C:\Users\Dell service\.m2
Launcher Type: SUN_STANDARD

[Global flags]
     intx CICompilerCount                          = 4                                         {product} {ergonomic}
     uint ConcGCThreads                            = 2                                         {product} {ergonomic}
     uint G1ConcRefinementThreads                  = 8                                         {product} {ergonomic}
   size_t G1HeapRegionSize                         = 1048576                                   {product} {ergonomic}
    uintx GCDrainStackTargetSize                   = 64                                        {product} {ergonomic}
   size_t InitialHeapSize                          = 132120576                                 {product} {ergonomic}
     bool ManagementServer                         = true                                      {product} {command line}
   size_t MarkStackSize                            = 4194304                                   {product} {ergonomic}
   size_t MaxHeapSize                              = 2099249152                                {product} {ergonomic}
   size_t MinHeapDeltaBytes                        = 1048576                                   {product} {ergonomic}
   size_t MinHeapSize                              = 8388608                                   {product} {ergonomic}
    uintx NonProfiledCodeHeapSize                  = 0                                      {pd product} {ergonomic}
     bool ProfileInterpreter                       = false                                  {pd product} {command line}
    uintx ProfiledCodeHeapSize                     = 0                                      {pd product} {ergonomic}
   size_t SoftMaxHeapSize                          = 2099249152                             {manageable} {ergonomic}
     intx TieredStopAtLevel                        = 1                                         {product} {command line}
     bool UseCompressedClassPointers               = true                           {product lp64_product} {ergonomic}
     bool UseCompressedOops                        = true                           {product lp64_product} {ergonomic}
     bool UseG1GC                                  = true                                      {product} {ergonomic}
     bool UseLargePagesIndividualAllocation        = false                                  {pd product} {ergonomic}

Logging:
Log output configuration:
 #0: stdout all=warning uptime,level,tags
 #1: stderr all=off uptime,level,tags

Environment Variables:
JAVA_HOME=C:\Program Files\Java\jdk1.8.0_202
PATH=C:\Program Files\ImageMagick-7.1.0-Q16-HDRI;C:\Program Files (x86)\VMware\VMware Player\bin\;C:\Python39\Scripts\;C:\Python39\;C:\WINDOWS\system32;C:\WINDOWS;C:\WINDOWS\System32\Wbem;C:\WINDOWS\System32\WindowsPowerShell\v1.0\;C:\WINDOWS\System32\OpenSSH\;C:\Program Files\Git\cmd;C:\Program Files\Java\jdk1.8.0_202\bin;C:\Program Files\MinGW\bin;C:\Program Files\Microsoft SQL Server\Client SDK\ODBC\170\Tools\Binn\;C:\Program Files (x86)\Microsoft SQL Server\150\Tools\Binn\;C:\Program Files\Microsoft SQL Server\150\Tools\Binn\;C:\Program Files\Microsoft SQL Server\150\DTS\Binn\;C:\Program Files (x86)\Microsoft SQL Server\150\DTS\Binn\;C:\Program Files\Azure Data Studio\bin;C:\Users\Dell service\AppData\Local\Programs\Microsoft VS Code\bin;C:\Users\Dell service\Desktop\PyCharm Community Edition 2021.2\bin;;C:\Users\Dell service\AppData\Local\Microsoft\WindowsApps;C:\Program Files\JetBrains\IntelliJ IDEA Community Edition 2020.1.2\bin;;C:\Program Files\JetBrains\IntelliJ IDEA 2021.3.3\bin;;C:\Users\Dell service\AppData\Local\GitHubDesktop\bin;C:\Program Files\JetBrains\CLion 2021.3.4\bin;;C:\Program Files\Azure Data Studio\bin
USERNAME=Dell service
OS=Windows_NT
PROCESSOR_IDENTIFIER=Intel64 Family 6 Model 142 Stepping 12, GenuineIntel



---------------  S Y S T E M  ---------------

OS:
 Windows 11 , 64 bit Build 22000 (10.0.22000.613)
OS uptime: 4 days 21:46 hours

CPU: total 8 (initial active 8) (4 cores per cpu, 2 threads per core) family 6 model 142 stepping 12 microcode 0xec, cx8, cmov, fxsr, ht, mmx, 3dnowpref, sse, sse2, sse3, ssse3, sse4.1, sse4.2, popcnt, lzcnt, tsc, tscinvbit, avx, avx2, aes, erms, clmul, bmi1, bmi2, adx, fma, vzeroupper, clflush, clflushopt

Memory: 4k page, system-wide physical 8006M (752M free)
TotalPageFile size 20506M (AvailPageFile size 25M)
current process WorkingSet (physical memory assigned to process): 10M, peak: 10M
current process commit charge ("private bytes"): 55M, peak: 181M

vm_info: OpenJDK 64-Bit Server VM (17.0.2+8-86) for windows-amd64 JRE (17.0.2+8-86), built on Dec  7 2021 21:49:10 by "mach5one" with MS VC++ 16.8 / 16.9 (VS2019)

END.
